[debug] [2023-01-25T11:46:38.848Z] ----------------------------------------------------------------------
[debug] [2023-01-25T11:46:38.849Z] Command:       C:\Program Files\nodejs\node.exe C:\Users\cliff\AppData\Roaming\npm\node_modules\firebase-tools\lib\bin\firebase.js init
[debug] [2023-01-25T11:46:38.850Z] CLI Version:   11.21.0
[debug] [2023-01-25T11:46:38.850Z] Platform:      win32
[debug] [2023-01-25T11:46:38.850Z] Node Version:  v16.18.0
[debug] [2023-01-25T11:46:38.851Z] Time:          Wed Jan 25 2023 03:46:38 GMT-0800 (Pacific Standard Time)
[debug] [2023-01-25T11:46:38.851Z] ----------------------------------------------------------------------
[debug] 
[debug] [2023-01-25T11:46:38.856Z] > command requires scopes: ["email","openid","https://www.googleapis.com/auth/cloudplatformprojects.readonly","https://www.googleapis.com/auth/firebase","https://www.googleapis.com/auth/cloud-platform"]
[debug] [2023-01-25T11:46:38.856Z] > authorizing via signed-in user (seattleoregon@gmail.com)
[info] 
     ######## #### ########  ######## ########     ###     ######  ########
     ##        ##  ##     ## ##       ##     ##  ##   ##  ##       ##
     ######    ##  ########  ######   ########  #########  ######  ######
     ##        ##  ##    ##  ##       ##     ## ##     ##       ## ##
     ##       #### ##     ## ######## ########  ##     ##  ######  ########

You're about to initialize a Firebase project in this directory:

  C:\Users\cliff\OneDrive\Desktop\finished-builds\netlixFirebase

[info] 
=== Project Setup
[info] 
[info] First, let's associate this project directory with a Firebase project.
[info] You can create multiple project aliases by running firebase use --add, 
[info] but for now we'll just set up a default project.
[info] 
[debug] [2023-01-25T11:46:45.594Z] >>> [apiv2][query] GET https://firebase.googleapis.com/v1beta1/projects pageSize=100
[debug] [2023-01-25T11:46:46.263Z] <<< [apiv2][status] GET https://firebase.googleapis.com/v1beta1/projects 200
[debug] [2023-01-25T11:46:46.263Z] <<< [apiv2][body] GET https://firebase.googleapis.com/v1beta1/projects [omitted]
[info] i  Using project netflix-firebase-a1352 (netflix-firebase) 
[info] 
=== Hosting Setup
[info] 
[info] Your public directory is the folder (relative to your project directory) that
[info] will contain Hosting assets to be uploaded with firebase deploy. If you
[info] have a build process for your assets, use your build's output directory.
[info] 
[debug] [2023-01-25T11:47:37.512Z] >>> [apiv2][query] GET https://www.gstatic.com/firebasejs/releases.json [none]
[debug] [2023-01-25T11:47:37.849Z] <<< [apiv2][status] GET https://www.gstatic.com/firebasejs/releases.json 200
[debug] [2023-01-25T11:47:37.849Z] <<< [apiv2][body] GET https://www.gstatic.com/firebasejs/releases.json {"current":{"version":"9.16.0","browserURL":"https://www.gstatic.com/firebasejs/9.16.0/firebase.js","packageURL":"https://www.gstatic.com/firebasejs/9.16.0/firebase.tgz"},"live":{"version":"9.16","browserURL":"https://www.gstatic.com/firebasejs/live/9.16/firebase.js","packageURL":"https://www.gstatic.com/firebasejs/live/9.16/firebase.tgz"},"components":{"analytics":"https://www.gstatic.com/firebasejs/9.16.0/firebase-analytics.js","app":"https://www.gstatic.com/firebasejs/9.16.0/firebase-app.js","app-check":"https://www.gstatic.com/firebasejs/9.16.0/firebase-app-check.js","auth":"https://www.gstatic.com/firebasejs/9.16.0/firebase-auth.js","auth/cordova":"https://www.gstatic.com/firebasejs/9.16.0/firebase-auth/cordova.js","auth/react-native":"https://www.gstatic.com/firebasejs/9.16.0/firebase-auth/react-native.js","functions":"https://www.gstatic.com/firebasejs/9.16.0/firebase-functions.js","firestore":"https://www.gstatic.com/firebasejs/9.16.0/firebase-firestore.js","firestore/lite":"https://www.gstatic.com/firebasejs/9.16.0/firebase-firestore/lite.js","installations":"https://www.gstatic.com/firebasejs/9.16.0/firebase-installations.js","storage":"https://www.gstatic.com/firebasejs/9.16.0/firebase-storage.js","performance":"https://www.gstatic.com/firebasejs/9.16.0/firebase-performance.js","remote-config":"https://www.gstatic.com/firebasejs/9.16.0/firebase-remote-config.js","messaging":"https://www.gstatic.com/firebasejs/9.16.0/firebase-messaging.js","messaging/sw":"https://www.gstatic.com/firebasejs/9.16.0/firebase-messaging/sw.js","database":"https://www.gstatic.com/firebasejs/9.16.0/firebase-database.js","firestore.memory":"https://www.gstatic.com/firebasejs/9.16.0/firebase-firestore.memory.js"}}
[info] +  Wrote build/index.html 
[info] 
[info] i  Detected a .git folder at C:\Users\cliff\OneDrive\Desktop\finished-builds\netlixFirebase 
[info] i  Authorizing with GitHub to upload your service account to a GitHub repository's secrets store. 
[info] 
[info] Visit this URL on this device to log in:
[info] https://github.com/login/oauth/authorize?client_id=89cf50f02ac6aaed3484&state=783879900&redirect_uri=http%3A%2F%2Flocalhost%3A9005&scope=read%3Auser%20repo%20public_repo
[info] 
[info] Waiting for authentication...
[debug] [2023-01-25T11:47:55.137Z] >>> [apiv2][query] POST https://github.com/login/oauth/access_token [none]
[debug] [2023-01-25T11:47:55.138Z] >>> [apiv2][body] POST https://github.com/login/oauth/access_token [stream]
[debug] [2023-01-25T11:47:55.651Z] <<< [apiv2][status] POST https://github.com/login/oauth/access_token 200
[debug] [2023-01-25T11:47:55.651Z] <<< [apiv2][body] POST https://github.com/login/oauth/access_token {"access_token":"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","token_type":"bearer","scope":"read:user,repo"}
[debug] [2023-01-25T11:47:55.661Z] >>> [apiv2][query] GET https://api.github.com/user [none]
[debug] [2023-01-25T11:47:56.501Z] <<< [apiv2][status] GET https://api.github.com/user 200
[debug] [2023-01-25T11:47:56.501Z] <<< [apiv2][body] GET https://api.github.com/user {"login":"cliffordstevenson","id":113158700,"node_id":"U_kgDOBr6qLA","avatar_url":"https://avatars.githubusercontent.com/u/113158700?v=4","gravatar_id":"","url":"https://api.github.com/users/cliffordstevenson","html_url":"https://github.com/cliffordstevenson","followers_url":"https://api.github.com/users/cliffordstevenson/followers","following_url":"https://api.github.com/users/cliffordstevenson/following{/other_user}","gists_url":"https://api.github.com/users/cliffordstevenson/gists{/gist_id}","starred_url":"https://api.github.com/users/cliffordstevenson/starred{/owner}{/repo}","subscriptions_url":"https://api.github.com/users/cliffordstevenson/subscriptions","organizations_url":"https://api.github.com/users/cliffordstevenson/orgs","repos_url":"https://api.github.com/users/cliffordstevenson/repos","events_url":"https://api.github.com/users/cliffordstevenson/events{/privacy}","received_events_url":"https://api.github.com/users/cliffordstevenson/received_events","type":"User","site_admin":false,"name":"Cliff Stevenson","company":"Full-Stack Developer","blog":"cliffstevensonsites.online","location":"Richmond, VA","email":"clifford.andrew.stevenson@gmail.com","hireable":null,"bio":null,"twitter_username":null,"public_repos":14,"public_gists":0,"followers":0,"following":0,"created_at":"2022-09-09T03:49:34Z","updated_at":"2023-01-20T02:12:17Z","private_gists":0,"total_private_repos":0,"owned_private_repos":0,"disk_usage":7416,"collaborators":0,"two_factor_authentication":false,"plan":{"name":"free","space":976562499,"collaborators":0,"private_repos":10000}}
[info] 
[info] +  Success! Logged into GitHub as cliffordstevenson 
[info] 
[debug] [2023-01-25T11:48:45.101Z] >>> [apiv2][query] GET https://api.github.com/repos/cliffordstevenson/netflixfirebase/actions/secrets/public-key type=owner
[debug] [2023-01-25T11:48:45.382Z] <<< [apiv2][status] GET https://api.github.com/repos/cliffordstevenson/netflixfirebase/actions/secrets/public-key 404
[debug] [2023-01-25T11:48:45.382Z] <<< [apiv2][body] GET https://api.github.com/repos/cliffordstevenson/netflixfirebase/actions/secrets/public-key {"message":"Not Found","documentation_url":"https://docs.github.com/rest/reference/actions#get-a-repository-public-key"}
[debug] [2023-01-25T11:48:58.969Z] >>> [apiv2][query] GET https://api.github.com/repos/cliffordstevenson/netflixfirebase/actions/secrets/public-key type=owner
[debug] [2023-01-25T11:48:59.309Z] <<< [apiv2][status] GET https://api.github.com/repos/cliffordstevenson/netflixfirebase/actions/secrets/public-key 404
[debug] [2023-01-25T11:48:59.309Z] <<< [apiv2][body] GET https://api.github.com/repos/cliffordstevenson/netflixfirebase/actions/secrets/public-key {"message":"Not Found","documentation_url":"https://docs.github.com/rest/reference/actions#get-a-repository-public-key"}
[debug] [2023-01-25T11:49:04.603Z] >>> [apiv2][query] GET https://api.github.com/repos/cliffordstevenson/netflixFirebase/actions/secrets/public-key type=owner
[debug] [2023-01-25T11:49:04.859Z] <<< [apiv2][status] GET https://api.github.com/repos/cliffordstevenson/netflixFirebase/actions/secrets/public-key 404
[debug] [2023-01-25T11:49:04.859Z] <<< [apiv2][body] GET https://api.github.com/repos/cliffordstevenson/netflixFirebase/actions/secrets/public-key {"message":"Not Found","documentation_url":"https://docs.github.com/rest/reference/actions#get-a-repository-public-key"}
[debug] [2023-01-25T11:49:05.965Z] >>> [apiv2][query] GET https://api.github.com/repos/cliffordstevenson/netflixFirebase/actions/secrets/public-key type=owner
[debug] [2023-01-25T11:49:06.235Z] <<< [apiv2][status] GET https://api.github.com/repos/cliffordstevenson/netflixFirebase/actions/secrets/public-key 404
[debug] [2023-01-25T11:49:06.235Z] <<< [apiv2][body] GET https://api.github.com/repos/cliffordstevenson/netflixFirebase/actions/secrets/public-key {"message":"Not Found","documentation_url":"https://docs.github.com/rest/reference/actions#get-a-repository-public-key"}
[debug] [2023-01-25T11:49:06.996Z] >>> [apiv2][query] GET https://api.github.com/repos/cliffordstevenson/netflixFirebase/actions/secrets/public-key type=owner
[debug] [2023-01-25T11:49:07.372Z] <<< [apiv2][status] GET https://api.github.com/repos/cliffordstevenson/netflixFirebase/actions/secrets/public-key 404
[debug] [2023-01-25T11:49:07.372Z] <<< [apiv2][body] GET https://api.github.com/repos/cliffordstevenson/netflixFirebase/actions/secrets/public-key {"message":"Not Found","documentation_url":"https://docs.github.com/rest/reference/actions#get-a-repository-public-key"}
[debug] [2023-01-25T11:49:08.440Z] >>> [apiv2][query] GET https://api.github.com/repos/cliffordstevenson/netflixFirebase/actions/secrets/public-key type=owner
[debug] [2023-01-25T11:49:08.702Z] <<< [apiv2][status] GET https://api.github.com/repos/cliffordstevenson/netflixFirebase/actions/secrets/public-key 404
[debug] [2023-01-25T11:49:08.702Z] <<< [apiv2][body] GET https://api.github.com/repos/cliffordstevenson/netflixFirebase/actions/secrets/public-key {"message":"Not Found","documentation_url":"https://docs.github.com/rest/reference/actions#get-a-repository-public-key"}
[debug] [2023-01-25T11:49:18.291Z] >>> [apiv2][query] GET https://api.github.com/repos/netflixfirebase/actions/secrets/public-key type=owner
[debug] [2023-01-25T11:49:18.550Z] <<< [apiv2][status] GET https://api.github.com/repos/netflixfirebase/actions/secrets/public-key 404
[debug] [2023-01-25T11:49:18.550Z] <<< [apiv2][body] GET https://api.github.com/repos/netflixfirebase/actions/secrets/public-key {"message":"Not Found","documentation_url":"https://docs.github.com/rest"}
[debug] [2023-01-25T11:49:18.972Z] >>> [apiv2][query] GET https://api.github.com/repos/netflixfirebase/actions/secrets/public-key type=owner
[debug] [2023-01-25T11:49:19.246Z] <<< [apiv2][status] GET https://api.github.com/repos/netflixfirebase/actions/secrets/public-key 404
[debug] [2023-01-25T11:49:19.247Z] <<< [apiv2][body] GET https://api.github.com/repos/netflixfirebase/actions/secrets/public-key {"message":"Not Found","documentation_url":"https://docs.github.com/rest"}
[debug] [2023-01-25T11:49:24.048Z] >>> [apiv2][query] GET https://api.github.com/repos/netflixFirebase/actions/secrets/public-key type=owner
[debug] [2023-01-25T11:49:24.436Z] <<< [apiv2][status] GET https://api.github.com/repos/netflixFirebase/actions/secrets/public-key 404
[debug] [2023-01-25T11:49:24.436Z] <<< [apiv2][body] GET https://api.github.com/repos/netflixFirebase/actions/secrets/public-key {"message":"Not Found","documentation_url":"https://docs.github.com/rest"}
[debug] [2023-01-25T11:49:59.954Z] >>> [apiv2][query] GET https://api.github.com/repos/cliffordstevenson/netflixfirebase/actions/secrets/public-key type=owner
[debug] [2023-01-25T11:50:00.317Z] <<< [apiv2][status] GET https://api.github.com/repos/cliffordstevenson/netflixfirebase/actions/secrets/public-key 404
[debug] [2023-01-25T11:50:00.317Z] <<< [apiv2][body] GET https://api.github.com/repos/cliffordstevenson/netflixfirebase/actions/secrets/public-key {"message":"Not Found","documentation_url":"https://docs.github.com/rest/reference/actions#get-a-repository-public-key"}
[debug] [2023-01-25T11:50:10.484Z] >>> [apiv2][query] GET https://api.github.com/repos/cliffordstevenson/netflixfirebase/actions/secrets/public-key type=owner
[debug] [2023-01-25T11:50:10.651Z] >>> [apiv2][query] GET https://api.github.com/repos//actions/secrets/public-key type=owner
[debug] [2023-01-25T11:50:10.771Z] <<< [apiv2][status] GET https://api.github.com/repos/cliffordstevenson/netflixfirebase/actions/secrets/public-key 404
[debug] [2023-01-25T11:50:10.772Z] <<< [apiv2][body] GET https://api.github.com/repos/cliffordstevenson/netflixfirebase/actions/secrets/public-key {"message":"Not Found","documentation_url":"https://docs.github.com/rest/reference/actions#get-a-repository-public-key"}
[debug] [2023-01-25T11:50:10.852Z] >>> [apiv2][query] GET https://api.github.com/repos/cliffordstevenson/netflixfirebase/actions/secrets/public-key type=owner
[debug] [2023-01-25T11:50:10.890Z] <<< [apiv2][status] GET https://api.github.com/repos//actions/secrets/public-key 404
[debug] [2023-01-25T11:50:10.890Z] <<< [apiv2][body] GET https://api.github.com/repos//actions/secrets/public-key {"message":"Not Found","documentation_url":"https://docs.github.com/rest"}
[debug] [2023-01-25T11:50:11.098Z] <<< [apiv2][status] GET https://api.github.com/repos/cliffordstevenson/netflixfirebase/actions/secrets/public-key 404
[debug] [2023-01-25T11:50:11.099Z] <<< [apiv2][body] GET https://api.github.com/repos/cliffordstevenson/netflixfirebase/actions/secrets/public-key {"message":"Not Found","documentation_url":"https://docs.github.com/rest/reference/actions#get-a-repository-public-key"}
[debug] [2023-01-25T11:50:12.211Z] >>> [apiv2][query] GET https://api.github.com/repos/cliffordstevenson/netflixfirebase/actions/secrets/public-key type=owner
[debug] [2023-01-25T11:50:12.453Z] <<< [apiv2][status] GET https://api.github.com/repos/cliffordstevenson/netflixfirebase/actions/secrets/public-key 404
[debug] [2023-01-25T11:50:12.453Z] <<< [apiv2][body] GET https://api.github.com/repos/cliffordstevenson/netflixfirebase/actions/secrets/public-key {"message":"Not Found","documentation_url":"https://docs.github.com/rest/reference/actions#get-a-repository-public-key"}
[debug] [2023-01-25T11:50:15.040Z] >>> [apiv2][query] GET https://api.github.com/repos/cliffordstevenson/netflixfirebase/actions/secrets/public-key type=owner
[debug] [2023-01-25T11:50:15.276Z] <<< [apiv2][status] GET https://api.github.com/repos/cliffordstevenson/netflixfirebase/actions/secrets/public-key 404
[debug] [2023-01-25T11:50:15.276Z] <<< [apiv2][body] GET https://api.github.com/repos/cliffordstevenson/netflixfirebase/actions/secrets/public-key {"message":"Not Found","documentation_url":"https://docs.github.com/rest/reference/actions#get-a-repository-public-key"}
